This file contains any messages produced by compilers while
running configure, to aid debugging if configure makes a mistake.

It was created by AcidCam_VR configure 1.2, which was
generated by GNU Autoconf 2.69.  Invocation command line was

  $ ./configure --prefix=/usr/local/opencv2

## --------- ##
## Platform. ##
## --------- ##

hostname = LostSideDead
uname -m = x86_64
uname -r = 14.3.0
uname -s = Darwin
uname -v = Darwin Kernel Version 14.3.0: Mon Mar 23 11:59:05 PDT 2015; root:xnu-2782.20.48~5/RELEASE_X86_64

/usr/bin/uname -p = i386
/bin/uname -X     = unknown

/bin/arch              = unknown
/usr/bin/arch -k       = unknown
/usr/convex/getsysinfo = unknown
/usr/bin/hostinfo      = Mach kernel version:
	 Darwin Kernel Version 14.3.0: Mon Mar 23 11:59:05 PDT 2015; root:xnu-2782.20.48~5/RELEASE_X86_64
Kernel configured for up to 8 processors.
4 processors are physically available.
8 processors are logically available.
Processor type: i486 (Intel 80486)
Processors active: 0 1 2 3 4 5 6 7
Primary memory available: 10.00 gigabytes
Default processor set: 264 tasks, 1160 threads, 8 processors
Load average: 1.75, Mach factor: 6.24
/bin/machine           = unknown
/usr/bin/oslevel       = unknown
/bin/universe          = unknown

PATH: /opt/local/bin
PATH: /opt/local/sbin
PATH: /opt/local/bin
PATH: /opt/local/sbin
PATH: /opt/local/bin
PATH: /opt/local/sbin
PATH: /Users/jared/mingw-w64/bin
PATH: /usr/local/bin
PATH: /usr/bin
PATH: /bin
PATH: /usr/sbin
PATH: /sbin
PATH: /opt/X11/bin
PATH: /Users/jared/Downloads/adt-bundle-mac-x86_64-20140321/sdk/platform-tools


## ----------- ##
## Core tests. ##
## ----------- ##

configure:2476: checking for a BSD-compatible install
configure:2544: result: /usr/bin/install -c
configure:2555: checking whether build environment is sane
configure:2610: result: yes
configure:2761: checking for a thread-safe mkdir -p
configure:2800: result: ./install-sh -c -d
configure:2807: checking for gawk
configure:2837: result: no
configure:2807: checking for mawk
configure:2837: result: no
configure:2807: checking for nawk
configure:2837: result: no
configure:2807: checking for awk
configure:2823: found /usr/bin/awk
configure:2834: result: awk
configure:2845: checking whether make sets $(MAKE)
configure:2867: result: yes
configure:2896: checking whether make supports nested variables
configure:2913: result: yes
configure:3097: checking for g++
configure:3113: found /usr/bin/g++
configure:3124: result: g++
configure:3151: checking for C++ compiler version
configure:3160: g++ --version >&5
Apple LLVM version 6.1.0 (clang-602.0.53) (based on LLVM 3.6.0svn)
Target: x86_64-apple-darwin14.3.0
Thread model: posix
Configured with: --prefix=/Applications/Xcode.app/Contents/Developer/usr --with-gxx-include-dir=/Applications/Xcode.app/Contents/Developer/Platforms/MacOSX.platform/Developer/SDKs/MacOSX10.10.sdk/usr/include/c++/4.2.1
configure:3171: $? = 0
configure:3160: g++ -v >&5
Configured with: --prefix=/Applications/Xcode.app/Contents/Developer/usr --with-gxx-include-dir=/Applications/Xcode.app/Contents/Developer/Platforms/MacOSX.platform/Developer/SDKs/MacOSX10.10.sdk/usr/include/c++/4.2.1
Apple LLVM version 6.1.0 (clang-602.0.53) (based on LLVM 3.6.0svn)
Target: x86_64-apple-darwin14.3.0
Thread model: posix
configure:3171: $? = 0
configure:3160: g++ -V >&5
clang: error: argument to '-V' is missing (expected 1 value)
clang: error: no input files
configure:3171: $? = 1
configure:3160: g++ -qversion >&5
clang: error: unknown argument: '-qversion'
clang: error: no input files
configure:3171: $? = 1
configure:3191: checking whether the C++ compiler works
configure:3213: g++    conftest.cpp  >&5
configure:3217: $? = 0
configure:3265: result: yes
configure:3268: checking for C++ compiler default output file name
configure:3270: result: a.out
configure:3276: checking for suffix of executables
configure:3283: g++ -o conftest    conftest.cpp  >&5
configure:3287: $? = 0
configure:3309: result: 
configure:3331: checking whether we are cross compiling
configure:3339: g++ -o conftest    conftest.cpp  >&5
configure:3343: $? = 0
configure:3350: ./conftest
configure:3354: $? = 0
configure:3369: result: no
configure:3374: checking for suffix of object files
configure:3396: g++ -c   conftest.cpp >&5
configure:3400: $? = 0
configure:3421: result: o
configure:3425: checking whether we are using the GNU C++ compiler
configure:3444: g++ -c   conftest.cpp >&5
configure:3444: $? = 0
configure:3453: result: yes
configure:3462: checking whether g++ accepts -g
configure:3482: g++ -c -g  conftest.cpp >&5
configure:3482: $? = 0
configure:3523: result: yes
configure:3557: checking for style of include used by make
configure:3585: result: GNU
configure:3611: checking dependency style of g++
configure:3722: result: gcc3
configure:3785: checking for gcc
configure:3801: found /usr/bin/gcc
configure:3812: result: gcc
configure:4041: checking for C compiler version
configure:4050: gcc --version >&5
Apple LLVM version 6.1.0 (clang-602.0.53) (based on LLVM 3.6.0svn)
Target: x86_64-apple-darwin14.3.0
Thread model: posix
Configured with: --prefix=/Applications/Xcode.app/Contents/Developer/usr --with-gxx-include-dir=/Applications/Xcode.app/Contents/Developer/Platforms/MacOSX.platform/Developer/SDKs/MacOSX10.10.sdk/usr/include/c++/4.2.1
configure:4061: $? = 0
configure:4050: gcc -v >&5
Configured with: --prefix=/Applications/Xcode.app/Contents/Developer/usr --with-gxx-include-dir=/Applications/Xcode.app/Contents/Developer/Platforms/MacOSX.platform/Developer/SDKs/MacOSX10.10.sdk/usr/include/c++/4.2.1
Apple LLVM version 6.1.0 (clang-602.0.53) (based on LLVM 3.6.0svn)
Target: x86_64-apple-darwin14.3.0
Thread model: posix
configure:4061: $? = 0
configure:4050: gcc -V >&5
clang: error: argument to '-V' is missing (expected 1 value)
clang: error: no input files
configure:4061: $? = 1
configure:4050: gcc -qversion >&5
clang: error: unknown argument: '-qversion'
clang: error: no input files
configure:4061: $? = 1
configure:4065: checking whether we are using the GNU C compiler
configure:4084: gcc -c   conftest.c >&5
configure:4084: $? = 0
configure:4093: result: yes
configure:4102: checking whether gcc accepts -g
configure:4122: gcc -c -g  conftest.c >&5
configure:4122: $? = 0
configure:4163: result: yes
configure:4180: checking for gcc option to accept ISO C89
configure:4243: gcc  -c -g -O2  conftest.c >&5
configure:4243: $? = 0
configure:4256: result: none needed
configure:4281: checking whether gcc understands -c and -o together
configure:4303: gcc -c conftest.c -o conftest2.o
configure:4306: $? = 0
configure:4303: gcc -c conftest.c -o conftest2.o
configure:4306: $? = 0
configure:4318: result: yes
configure:4337: checking dependency style of gcc
configure:4448: result: gcc3
configure:4523: checking for g++
configure:4539: found /usr/bin/g++
configure:4550: result: g++
configure:4575: checking for Objective C++ compiler version
configure:4584: g++ --version >&5
Apple LLVM version 6.1.0 (clang-602.0.53) (based on LLVM 3.6.0svn)
Target: x86_64-apple-darwin14.3.0
Thread model: posix
Configured with: --prefix=/Applications/Xcode.app/Contents/Developer/usr --with-gxx-include-dir=/Applications/Xcode.app/Contents/Developer/Platforms/MacOSX.platform/Developer/SDKs/MacOSX10.10.sdk/usr/include/c++/4.2.1
configure:4595: $? = 0
configure:4584: g++ -v >&5
Configured with: --prefix=/Applications/Xcode.app/Contents/Developer/usr --with-gxx-include-dir=/Applications/Xcode.app/Contents/Developer/Platforms/MacOSX.platform/Developer/SDKs/MacOSX10.10.sdk/usr/include/c++/4.2.1
Apple LLVM version 6.1.0 (clang-602.0.53) (based on LLVM 3.6.0svn)
Target: x86_64-apple-darwin14.3.0
Thread model: posix
configure:4595: $? = 0
configure:4584: g++ -V >&5
clang: error: argument to '-V' is missing (expected 1 value)
clang: error: no input files
configure:4595: $? = 1
configure:4584: g++ -qversion >&5
clang: error: unknown argument: '-qversion'
clang: error: no input files
configure:4595: $? = 1
configure:4599: checking whether we are using the GNU Objective C++ compiler
configure:4618: g++ -c   conftest.mm >&5
configure:4618: $? = 0
configure:4627: result: yes
configure:4636: checking whether g++ accepts -g
configure:4656: g++ -c -g  conftest.mm >&5
configure:4656: $? = 0
configure:4697: result: yes
configure:4722: checking dependency style of g++
configure:4831: result: gcc3
configure:4857: checking for sdl2-config
configure:4910: result: /opt/local/bin/sdl2-config
configure:4945: checking for pkg-config
configure:4998: result: /opt/local/bin/pkg-config
configure:5022: checking how to run the C++ preprocessor
configure:5049: g++ -E  conftest.cpp
configure:5049: $? = 0
configure:5063: g++ -E  conftest.cpp
conftest.cpp:12:10: fatal error: 'ac_nonexistent.h' file not found
#include <ac_nonexistent.h>
         ^
1 error generated.
configure:5063: $? = 1
configure: failed program was:
| /* confdefs.h */
| #define PACKAGE_NAME "AcidCam_VR"
| #define PACKAGE_TARNAME "acidcam_vr"
| #define PACKAGE_VERSION "1.2"
| #define PACKAGE_STRING "AcidCam_VR 1.2"
| #define PACKAGE_BUGREPORT "jared@lostsidedead.com"
| #define PACKAGE_URL ""
| #define PACKAGE "acidcam_vr"
| #define VERSION "1.2"
| #define HAVE_LIBSDL 1
| /* end confdefs.h.  */
| #include <ac_nonexistent.h>
configure:5088: result: g++ -E
configure:5108: g++ -E  conftest.cpp
configure:5108: $? = 0
configure:5122: g++ -E  conftest.cpp
conftest.cpp:12:10: fatal error: 'ac_nonexistent.h' file not found
#include <ac_nonexistent.h>
         ^
1 error generated.
configure:5122: $? = 1
configure: failed program was:
| /* confdefs.h */
| #define PACKAGE_NAME "AcidCam_VR"
| #define PACKAGE_TARNAME "acidcam_vr"
| #define PACKAGE_VERSION "1.2"
| #define PACKAGE_STRING "AcidCam_VR 1.2"
| #define PACKAGE_BUGREPORT "jared@lostsidedead.com"
| #define PACKAGE_URL ""
| #define PACKAGE "acidcam_vr"
| #define VERSION "1.2"
| #define HAVE_LIBSDL 1
| /* end confdefs.h.  */
| #include <ac_nonexistent.h>
configure:5151: checking for grep that handles long lines and -e
configure:5209: result: /usr/bin/grep
configure:5214: checking for egrep
configure:5276: result: /usr/bin/grep -E
configure:5281: checking for ANSI C header files
configure:5301: g++ -c -g -O2  conftest.cpp >&5
configure:5301: $? = 0
configure:5374: g++ -o conftest -g -O2   conftest.cpp  >&5
configure:5374: $? = 0
configure:5374: ./conftest
configure:5374: $? = 0
configure:5385: result: yes
configure:5398: checking for sys/types.h
configure:5398: g++ -c -g -O2  conftest.cpp >&5
configure:5398: $? = 0
configure:5398: result: yes
configure:5398: checking for sys/stat.h
configure:5398: g++ -c -g -O2  conftest.cpp >&5
configure:5398: $? = 0
configure:5398: result: yes
configure:5398: checking for stdlib.h
configure:5398: g++ -c -g -O2  conftest.cpp >&5
configure:5398: $? = 0
configure:5398: result: yes
configure:5398: checking for string.h
configure:5398: g++ -c -g -O2  conftest.cpp >&5
configure:5398: $? = 0
configure:5398: result: yes
configure:5398: checking for memory.h
configure:5398: g++ -c -g -O2  conftest.cpp >&5
configure:5398: $? = 0
configure:5398: result: yes
configure:5398: checking for strings.h
configure:5398: g++ -c -g -O2  conftest.cpp >&5
configure:5398: $? = 0
configure:5398: result: yes
configure:5398: checking for inttypes.h
configure:5398: g++ -c -g -O2  conftest.cpp >&5
configure:5398: $? = 0
configure:5398: result: yes
configure:5398: checking for stdint.h
configure:5398: g++ -c -g -O2  conftest.cpp >&5
configure:5398: $? = 0
configure:5398: result: yes
configure:5398: checking for unistd.h
configure:5398: g++ -c -g -O2  conftest.cpp >&5
configure:5398: $? = 0
configure:5398: result: yes
configure:5413: checking float.h usability
configure:5413: g++ -c -g -O2  conftest.cpp >&5
configure:5413: $? = 0
configure:5413: result: yes
configure:5413: checking float.h presence
configure:5413: g++ -E  conftest.cpp
configure:5413: $? = 0
configure:5413: result: yes
configure:5413: checking for float.h
configure:5413: result: yes
configure:5413: checking for inttypes.h
configure:5413: result: yes
configure:5413: checking stddef.h usability
configure:5413: g++ -c -g -O2  conftest.cpp >&5
configure:5413: $? = 0
configure:5413: result: yes
configure:5413: checking stddef.h presence
configure:5413: g++ -E  conftest.cpp
configure:5413: $? = 0
configure:5413: result: yes
configure:5413: checking for stddef.h
configure:5413: result: yes
configure:5413: checking for stdint.h
configure:5413: result: yes
configure:5413: checking for stdlib.h
configure:5413: result: yes
configure:5413: checking for string.h
configure:5413: result: yes
configure:5425: checking for stdbool.h that conforms to C99
configure:5492: g++ -c -g -O2  conftest.cpp >&5
conftest.cpp:77:24: warning: address of 's' will always evaluate to 'true' [-Wpointer-bool-conversion]
             bool e = &s;
                  ~    ^
conftest.cpp:81:23: warning: address of array 'a' will always evaluate to 'true' [-Wpointer-bool-conversion]
             return (!a + !b + !c + !d + !e + !f + !g + !h + !i + !!j + !k + !!l
                     ~^
conftest.cpp:81:28: warning: address of array 'b' will always evaluate to 'true' [-Wpointer-bool-conversion]
             return (!a + !b + !c + !d + !e + !f + !g + !h + !i + !!j + !k + !!l
                          ~^
conftest.cpp:81:33: warning: address of array 'c' will always evaluate to 'true' [-Wpointer-bool-conversion]
             return (!a + !b + !c + !d + !e + !f + !g + !h + !i + !!j + !k + !!l
                               ~^
conftest.cpp:81:38: warning: address of array 'd' will always evaluate to 'true' [-Wpointer-bool-conversion]
             return (!a + !b + !c + !d + !e + !f + !g + !h + !i + !!j + !k + !!l
                                    ~^
conftest.cpp:81:48: warning: address of array 'f' will always evaluate to 'true' [-Wpointer-bool-conversion]
             return (!a + !b + !c + !d + !e + !f + !g + !h + !i + !!j + !k + !!l
                                              ~^
conftest.cpp:81:53: warning: address of array 'g' will always evaluate to 'true' [-Wpointer-bool-conversion]
             return (!a + !b + !c + !d + !e + !f + !g + !h + !i + !!j + !k + !!l
                                                   ~^
conftest.cpp:81:58: warning: address of array 'h' will always evaluate to 'true' [-Wpointer-bool-conversion]
             return (!a + !b + !c + !d + !e + !f + !g + !h + !i + !!j + !k + !!l
                                                        ~^
conftest.cpp:81:63: warning: address of array 'i' will always evaluate to 'true' [-Wpointer-bool-conversion]
             return (!a + !b + !c + !d + !e + !f + !g + !h + !i + !!j + !k + !!l
                                                             ~^
conftest.cpp:82:30: warning: address of array 'n' will always evaluate to 'true' [-Wpointer-bool-conversion]
                            ~^
conftest.cpp:82:35: warning: address of array 'o' will always evaluate to 'true' [-Wpointer-bool-conversion]
                                 ~^
conftest.cpp:82:40: warning: address of array 'p' will always evaluate to 'true' [-Wpointer-bool-conversion]
                                      ~^
12 warnings generated.
configure:5492: $? = 0
configure:5499: result: yes
configure:5501: checking for _Bool
configure:5501: g++ -c -g -O2  conftest.cpp >&5
conftest.cpp:64:13: error: use of undeclared identifier '_Bool'
if (sizeof (_Bool))
            ^
1 error generated.
configure:5501: $? = 1
configure: failed program was:
| /* confdefs.h */
| #define PACKAGE_NAME "AcidCam_VR"
| #define PACKAGE_TARNAME "acidcam_vr"
| #define PACKAGE_VERSION "1.2"
| #define PACKAGE_STRING "AcidCam_VR 1.2"
| #define PACKAGE_BUGREPORT "jared@lostsidedead.com"
| #define PACKAGE_URL ""
| #define PACKAGE "acidcam_vr"
| #define VERSION "1.2"
| #define HAVE_LIBSDL 1
| #define STDC_HEADERS 1
| #define HAVE_SYS_TYPES_H 1
| #define HAVE_SYS_STAT_H 1
| #define HAVE_STDLIB_H 1
| #define HAVE_STRING_H 1
| #define HAVE_MEMORY_H 1
| #define HAVE_STRINGS_H 1
| #define HAVE_INTTYPES_H 1
| #define HAVE_STDINT_H 1
| #define HAVE_UNISTD_H 1
| #define HAVE_FLOAT_H 1
| #define HAVE_INTTYPES_H 1
| #define HAVE_STDDEF_H 1
| #define HAVE_STDINT_H 1
| #define HAVE_STDLIB_H 1
| #define HAVE_STRING_H 1
| /* end confdefs.h.  */
| #include <stdio.h>
| #ifdef HAVE_SYS_TYPES_H
| # include <sys/types.h>
| #endif
| #ifdef HAVE_SYS_STAT_H
| # include <sys/stat.h>
| #endif
| #ifdef STDC_HEADERS
| # include <stdlib.h>
| # include <stddef.h>
| #else
| # ifdef HAVE_STDLIB_H
| #  include <stdlib.h>
| # endif
| #endif
| #ifdef HAVE_STRING_H
| # if !defined STDC_HEADERS && defined HAVE_MEMORY_H
| #  include <memory.h>
| # endif
| # include <string.h>
| #endif
| #ifdef HAVE_STRINGS_H
| # include <strings.h>
| #endif
| #ifdef HAVE_INTTYPES_H
| # include <inttypes.h>
| #endif
| #ifdef HAVE_STDINT_H
| # include <stdint.h>
| #endif
| #ifdef HAVE_UNISTD_H
| # include <unistd.h>
| #endif
| int
| main ()
| {
| if (sizeof (_Bool))
| 	 return 0;
|   ;
|   return 0;
| }
configure:5501: result: no
configure:5512: checking for inline
configure:5528: g++ -c -g -O2  conftest.cpp >&5
configure:5528: $? = 0
configure:5536: result: inline
configure:5554: checking for int32_t
configure:5554: g++ -c -g -O2  conftest.cpp >&5
configure:5554: $? = 0
configure:5554: g++ -c -g -O2  conftest.cpp >&5
conftest.cpp:65:24: error: 'test_array' declared as an array with a negative size
static int test_array [1 - 2 * !((int32_t) (((((int32_t) 1 << N) << N) - 1) * 2 + 1)
                       ^~~~~~~~~~~~~~~~~~~~~~~~~~~~~~~~~~~~~~~~~~~~~~~~~~~~~~~~~~~~~
1 error generated.
configure:5554: $? = 1
configure: failed program was:
| /* confdefs.h */
| #define PACKAGE_NAME "AcidCam_VR"
| #define PACKAGE_TARNAME "acidcam_vr"
| #define PACKAGE_VERSION "1.2"
| #define PACKAGE_STRING "AcidCam_VR 1.2"
| #define PACKAGE_BUGREPORT "jared@lostsidedead.com"
| #define PACKAGE_URL ""
| #define PACKAGE "acidcam_vr"
| #define VERSION "1.2"
| #define HAVE_LIBSDL 1
| #define STDC_HEADERS 1
| #define HAVE_SYS_TYPES_H 1
| #define HAVE_SYS_STAT_H 1
| #define HAVE_STDLIB_H 1
| #define HAVE_STRING_H 1
| #define HAVE_MEMORY_H 1
| #define HAVE_STRINGS_H 1
| #define HAVE_INTTYPES_H 1
| #define HAVE_STDINT_H 1
| #define HAVE_UNISTD_H 1
| #define HAVE_FLOAT_H 1
| #define HAVE_INTTYPES_H 1
| #define HAVE_STDDEF_H 1
| #define HAVE_STDINT_H 1
| #define HAVE_STDLIB_H 1
| #define HAVE_STRING_H 1
| /* end confdefs.h.  */
| #include <stdio.h>
| #ifdef HAVE_SYS_TYPES_H
| # include <sys/types.h>
| #endif
| #ifdef HAVE_SYS_STAT_H
| # include <sys/stat.h>
| #endif
| #ifdef STDC_HEADERS
| # include <stdlib.h>
| # include <stddef.h>
| #else
| # ifdef HAVE_STDLIB_H
| #  include <stdlib.h>
| # endif
| #endif
| #ifdef HAVE_STRING_H
| # if !defined STDC_HEADERS && defined HAVE_MEMORY_H
| #  include <memory.h>
| # endif
| # include <string.h>
| #endif
| #ifdef HAVE_STRINGS_H
| # include <strings.h>
| #endif
| #ifdef HAVE_INTTYPES_H
| # include <inttypes.h>
| #endif
| #ifdef HAVE_STDINT_H
| # include <stdint.h>
| #endif
| #ifdef HAVE_UNISTD_H
| # include <unistd.h>
| #endif
| 	        enum { N = 32 / 2 - 1 };
| int
| main ()
| {
| static int test_array [1 - 2 * !((int32_t) (((((int32_t) 1 << N) << N) - 1) * 2 + 1)
| 		 < (int32_t) (((((int32_t) 1 << N) << N) - 1) * 2 + 2))];
| test_array [0] = 0;
| return test_array [0];
| 
|   ;
|   return 0;
| }
configure:5554: result: yes
configure:5565: checking for int64_t
configure:5565: g++ -c -g -O2  conftest.cpp >&5
configure:5565: $? = 0
configure:5565: g++ -c -g -O2  conftest.cpp >&5
conftest.cpp:65:24: error: 'test_array' declared as an array with a negative size
static int test_array [1 - 2 * !((int64_t) (((((int64_t) 1 << N) << N) - 1) * 2 + 1)
                       ^~~~~~~~~~~~~~~~~~~~~~~~~~~~~~~~~~~~~~~~~~~~~~~~~~~~~~~~~~~~~
1 error generated.
configure:5565: $? = 1
configure: failed program was:
| /* confdefs.h */
| #define PACKAGE_NAME "AcidCam_VR"
| #define PACKAGE_TARNAME "acidcam_vr"
| #define PACKAGE_VERSION "1.2"
| #define PACKAGE_STRING "AcidCam_VR 1.2"
| #define PACKAGE_BUGREPORT "jared@lostsidedead.com"
| #define PACKAGE_URL ""
| #define PACKAGE "acidcam_vr"
| #define VERSION "1.2"
| #define HAVE_LIBSDL 1
| #define STDC_HEADERS 1
| #define HAVE_SYS_TYPES_H 1
| #define HAVE_SYS_STAT_H 1
| #define HAVE_STDLIB_H 1
| #define HAVE_STRING_H 1
| #define HAVE_MEMORY_H 1
| #define HAVE_STRINGS_H 1
| #define HAVE_INTTYPES_H 1
| #define HAVE_STDINT_H 1
| #define HAVE_UNISTD_H 1
| #define HAVE_FLOAT_H 1
| #define HAVE_INTTYPES_H 1
| #define HAVE_STDDEF_H 1
| #define HAVE_STDINT_H 1
| #define HAVE_STDLIB_H 1
| #define HAVE_STRING_H 1
| /* end confdefs.h.  */
| #include <stdio.h>
| #ifdef HAVE_SYS_TYPES_H
| # include <sys/types.h>
| #endif
| #ifdef HAVE_SYS_STAT_H
| # include <sys/stat.h>
| #endif
| #ifdef STDC_HEADERS
| # include <stdlib.h>
| # include <stddef.h>
| #else
| # ifdef HAVE_STDLIB_H
| #  include <stdlib.h>
| # endif
| #endif
| #ifdef HAVE_STRING_H
| # if !defined STDC_HEADERS && defined HAVE_MEMORY_H
| #  include <memory.h>
| # endif
| # include <string.h>
| #endif
| #ifdef HAVE_STRINGS_H
| # include <strings.h>
| #endif
| #ifdef HAVE_INTTYPES_H
| # include <inttypes.h>
| #endif
| #ifdef HAVE_STDINT_H
| # include <stdint.h>
| #endif
| #ifdef HAVE_UNISTD_H
| # include <unistd.h>
| #endif
| 	        enum { N = 64 / 2 - 1 };
| int
| main ()
| {
| static int test_array [1 - 2 * !((int64_t) (((((int64_t) 1 << N) << N) - 1) * 2 + 1)
| 		 < (int64_t) (((((int64_t) 1 << N) << N) - 1) * 2 + 2))];
| test_array [0] = 0;
| return test_array [0];
| 
|   ;
|   return 0;
| }
configure:5565: result: yes
configure:5576: checking for size_t
configure:5576: g++ -c -g -O2  conftest.cpp >&5
configure:5576: $? = 0
configure:5576: g++ -c -g -O2  conftest.cpp >&5
conftest.cpp:64:21: error: expected expression
if (sizeof ((size_t)))
                    ^
1 error generated.
configure:5576: $? = 1
configure: failed program was:
| /* confdefs.h */
| #define PACKAGE_NAME "AcidCam_VR"
| #define PACKAGE_TARNAME "acidcam_vr"
| #define PACKAGE_VERSION "1.2"
| #define PACKAGE_STRING "AcidCam_VR 1.2"
| #define PACKAGE_BUGREPORT "jared@lostsidedead.com"
| #define PACKAGE_URL ""
| #define PACKAGE "acidcam_vr"
| #define VERSION "1.2"
| #define HAVE_LIBSDL 1
| #define STDC_HEADERS 1
| #define HAVE_SYS_TYPES_H 1
| #define HAVE_SYS_STAT_H 1
| #define HAVE_STDLIB_H 1
| #define HAVE_STRING_H 1
| #define HAVE_MEMORY_H 1
| #define HAVE_STRINGS_H 1
| #define HAVE_INTTYPES_H 1
| #define HAVE_STDINT_H 1
| #define HAVE_UNISTD_H 1
| #define HAVE_FLOAT_H 1
| #define HAVE_INTTYPES_H 1
| #define HAVE_STDDEF_H 1
| #define HAVE_STDINT_H 1
| #define HAVE_STDLIB_H 1
| #define HAVE_STRING_H 1
| /* end confdefs.h.  */
| #include <stdio.h>
| #ifdef HAVE_SYS_TYPES_H
| # include <sys/types.h>
| #endif
| #ifdef HAVE_SYS_STAT_H
| # include <sys/stat.h>
| #endif
| #ifdef STDC_HEADERS
| # include <stdlib.h>
| # include <stddef.h>
| #else
| # ifdef HAVE_STDLIB_H
| #  include <stdlib.h>
| # endif
| #endif
| #ifdef HAVE_STRING_H
| # if !defined STDC_HEADERS && defined HAVE_MEMORY_H
| #  include <memory.h>
| # endif
| # include <string.h>
| #endif
| #ifdef HAVE_STRINGS_H
| # include <strings.h>
| #endif
| #ifdef HAVE_INTTYPES_H
| # include <inttypes.h>
| #endif
| #ifdef HAVE_STDINT_H
| # include <stdint.h>
| #endif
| #ifdef HAVE_UNISTD_H
| # include <unistd.h>
| #endif
| int
| main ()
| {
| if (sizeof ((size_t)))
| 	    return 0;
|   ;
|   return 0;
| }
configure:5576: result: yes
configure:5587: checking for uint32_t
configure:5587: g++ -c -g -O2  conftest.cpp >&5
configure:5587: $? = 0
configure:5587: result: yes
configure:5601: checking for uint64_t
configure:5601: g++ -c -g -O2  conftest.cpp >&5
configure:5601: $? = 0
configure:5601: result: yes
configure:5615: checking for ptrdiff_t
configure:5615: g++ -c -g -O2  conftest.cpp >&5
configure:5615: $? = 0
configure:5615: g++ -c -g -O2  conftest.cpp >&5
conftest.cpp:64:24: error: expected expression
if (sizeof ((ptrdiff_t)))
                       ^
1 error generated.
configure:5615: $? = 1
configure: failed program was:
| /* confdefs.h */
| #define PACKAGE_NAME "AcidCam_VR"
| #define PACKAGE_TARNAME "acidcam_vr"
| #define PACKAGE_VERSION "1.2"
| #define PACKAGE_STRING "AcidCam_VR 1.2"
| #define PACKAGE_BUGREPORT "jared@lostsidedead.com"
| #define PACKAGE_URL ""
| #define PACKAGE "acidcam_vr"
| #define VERSION "1.2"
| #define HAVE_LIBSDL 1
| #define STDC_HEADERS 1
| #define HAVE_SYS_TYPES_H 1
| #define HAVE_SYS_STAT_H 1
| #define HAVE_STDLIB_H 1
| #define HAVE_STRING_H 1
| #define HAVE_MEMORY_H 1
| #define HAVE_STRINGS_H 1
| #define HAVE_INTTYPES_H 1
| #define HAVE_STDINT_H 1
| #define HAVE_UNISTD_H 1
| #define HAVE_FLOAT_H 1
| #define HAVE_INTTYPES_H 1
| #define HAVE_STDDEF_H 1
| #define HAVE_STDINT_H 1
| #define HAVE_STDLIB_H 1
| #define HAVE_STRING_H 1
| /* end confdefs.h.  */
| #include <stdio.h>
| #ifdef HAVE_SYS_TYPES_H
| # include <sys/types.h>
| #endif
| #ifdef HAVE_SYS_STAT_H
| # include <sys/stat.h>
| #endif
| #ifdef STDC_HEADERS
| # include <stdlib.h>
| # include <stddef.h>
| #else
| # ifdef HAVE_STDLIB_H
| #  include <stdlib.h>
| # endif
| #endif
| #ifdef HAVE_STRING_H
| # if !defined STDC_HEADERS && defined HAVE_MEMORY_H
| #  include <memory.h>
| # endif
| # include <string.h>
| #endif
| #ifdef HAVE_STRINGS_H
| # include <strings.h>
| #endif
| #ifdef HAVE_INTTYPES_H
| # include <inttypes.h>
| #endif
| #ifdef HAVE_STDINT_H
| # include <stdint.h>
| #endif
| #ifdef HAVE_UNISTD_H
| # include <unistd.h>
| #endif
| int
| main ()
| {
| if (sizeof ((ptrdiff_t)))
| 	    return 0;
|   ;
|   return 0;
| }
configure:5615: result: yes
configure:5627: checking for error_at_line
configure:5643: g++ -o conftest -g -O2   conftest.cpp  >&5
conftest.cpp:29:10: fatal error: 'error.h' file not found
#include <error.h>
         ^
1 error generated.
configure:5643: $? = 1
configure: failed program was:
| /* confdefs.h */
| #define PACKAGE_NAME "AcidCam_VR"
| #define PACKAGE_TARNAME "acidcam_vr"
| #define PACKAGE_VERSION "1.2"
| #define PACKAGE_STRING "AcidCam_VR 1.2"
| #define PACKAGE_BUGREPORT "jared@lostsidedead.com"
| #define PACKAGE_URL ""
| #define PACKAGE "acidcam_vr"
| #define VERSION "1.2"
| #define HAVE_LIBSDL 1
| #define STDC_HEADERS 1
| #define HAVE_SYS_TYPES_H 1
| #define HAVE_SYS_STAT_H 1
| #define HAVE_STDLIB_H 1
| #define HAVE_STRING_H 1
| #define HAVE_MEMORY_H 1
| #define HAVE_STRINGS_H 1
| #define HAVE_INTTYPES_H 1
| #define HAVE_STDINT_H 1
| #define HAVE_UNISTD_H 1
| #define HAVE_FLOAT_H 1
| #define HAVE_INTTYPES_H 1
| #define HAVE_STDDEF_H 1
| #define HAVE_STDINT_H 1
| #define HAVE_STDLIB_H 1
| #define HAVE_STRING_H 1
| #define HAVE_PTRDIFF_T 1
| /* end confdefs.h.  */
| #include <error.h>
| int
| main ()
| {
| error_at_line (0, 0, "", 0, "an error occurred");
|   ;
|   return 0;
| }
configure:5651: result: no
configure:5665: checking for memset
configure:5665: g++ -o conftest -g -O2   conftest.cpp  >&5
configure:5665: $? = 0
configure:5665: result: yes
configure:5665: checking for sqrt
configure:5665: g++ -o conftest -g -O2   conftest.cpp  >&5
configure:5665: $? = 0
configure:5665: result: yes
configure:5797: checking that generated files are newer than configure
configure:5803: result: done
configure:5834: creating ./config.status

## ---------------------- ##
## Running config.status. ##
## ---------------------- ##

This file was extended by AcidCam_VR config.status 1.2, which was
generated by GNU Autoconf 2.69.  Invocation command line was

  CONFIG_FILES    = 
  CONFIG_HEADERS  = 
  CONFIG_LINKS    = 
  CONFIG_COMMANDS = 
  $ ./config.status 

on LostSideDead

config.status:883: creating Makefile
config.status:883: creating source/Makefile
config.status:883: creating config.h
config.status:1064: config.h is unchanged
config.status:1112: executing depfiles commands

## ---------------- ##
## Cache variables. ##
## ---------------- ##

ac_cv_c_compiler_gnu=yes
ac_cv_c_inline=inline
ac_cv_c_int32_t=yes
ac_cv_c_int64_t=yes
ac_cv_c_uint32_t=yes
ac_cv_c_uint64_t=yes
ac_cv_cxx_compiler_gnu=yes
ac_cv_env_CCC_set=
ac_cv_env_CCC_value=
ac_cv_env_CC_set=
ac_cv_env_CC_value=
ac_cv_env_CFLAGS_set=
ac_cv_env_CFLAGS_value=
ac_cv_env_CPPFLAGS_set=
ac_cv_env_CPPFLAGS_value=
ac_cv_env_CXXCPP_set=
ac_cv_env_CXXCPP_value=
ac_cv_env_CXXFLAGS_set=
ac_cv_env_CXXFLAGS_value=
ac_cv_env_CXX_set=
ac_cv_env_CXX_value=
ac_cv_env_LDFLAGS_set=
ac_cv_env_LDFLAGS_value=
ac_cv_env_LIBS_set=
ac_cv_env_LIBS_value=
ac_cv_env_OBJCXXFLAGS_set=
ac_cv_env_OBJCXXFLAGS_value=
ac_cv_env_OBJCXX_set=
ac_cv_env_OBJCXX_value=
ac_cv_env_build_alias_set=
ac_cv_env_build_alias_value=
ac_cv_env_host_alias_set=
ac_cv_env_host_alias_value=
ac_cv_env_target_alias_set=
ac_cv_env_target_alias_value=
ac_cv_func_memset=yes
ac_cv_func_sqrt=yes
ac_cv_header_float_h=yes
ac_cv_header_inttypes_h=yes
ac_cv_header_memory_h=yes
ac_cv_header_stdbool_h=yes
ac_cv_header_stdc=yes
ac_cv_header_stddef_h=yes
ac_cv_header_stdint_h=yes
ac_cv_header_stdlib_h=yes
ac_cv_header_string_h=yes
ac_cv_header_strings_h=yes
ac_cv_header_sys_stat_h=yes
ac_cv_header_sys_types_h=yes
ac_cv_header_unistd_h=yes
ac_cv_lib_error_at_line=no
ac_cv_objcxx_compiler_gnu=yes
ac_cv_objext=o
ac_cv_path_EGREP='/usr/bin/grep -E'
ac_cv_path_GREP=/usr/bin/grep
ac_cv_path_install='/usr/bin/install -c'
ac_cv_prog_AWK=awk
ac_cv_prog_CXXCPP='g++ -E'
ac_cv_prog_ac_ct_CC=gcc
ac_cv_prog_ac_ct_CXX=g++
ac_cv_prog_ac_ct_OBJCXX=g++
ac_cv_prog_cc_c89=
ac_cv_prog_cc_g=yes
ac_cv_prog_cxx_g=yes
ac_cv_prog_make_make_set=yes
ac_cv_prog_objcxx_g=yes
ac_cv_type__Bool=no
ac_cv_type_ptrdiff_t=yes
ac_cv_type_size_t=yes
am_cv_CC_dependencies_compiler_type=gcc3
am_cv_CXX_dependencies_compiler_type=gcc3
am_cv_OBJCXX_dependencies_compiler_type=gcc3
am_cv_make_support_nested_variables=yes
am_cv_prog_cc_c_o=yes
kde_cv_path=/opt/local/bin/pkg-config
kde_cv_path_pkg_config=/opt/local/bin/pkg-config
kde_cv_path_sdl2_config=/opt/local/bin/sdl2-config

## ----------------- ##
## Output variables. ##
## ----------------- ##

ACLOCAL='${SHELL} /Users/jared/newcode/OCULUS.1/Oculus/Apps/Acid.Cam.VR-autotools.mac.osx/code/missing aclocal-1.14'
AMDEPBACKSLASH='\'
AMDEP_FALSE='#'
AMDEP_TRUE=''
AMTAR='$${TAR-tar}'
AM_BACKSLASH='\'
AM_DEFAULT_V='$(AM_DEFAULT_VERBOSITY)'
AM_DEFAULT_VERBOSITY='1'
AM_V='$(V)'
AUTOCONF='${SHELL} /Users/jared/newcode/OCULUS.1/Oculus/Apps/Acid.Cam.VR-autotools.mac.osx/code/missing autoconf'
AUTOHEADER='${SHELL} /Users/jared/newcode/OCULUS.1/Oculus/Apps/Acid.Cam.VR-autotools.mac.osx/code/missing autoheader'
AUTOMAKE='${SHELL} /Users/jared/newcode/OCULUS.1/Oculus/Apps/Acid.Cam.VR-autotools.mac.osx/code/missing automake-1.14'
AWK='awk'
CC='gcc'
CCDEPMODE='depmode=gcc3'
CFLAGS='-g -O2'
CPPFLAGS=''
CV_CXXFLAGS='-I/usr/local/opencv2/include/opencv -I/usr/local/opencv2/include '
CV_LDFLAGS='-L/usr/local/opencv2/lib -L/usr/local/opencv2/share/OpenCV/3rdparty/lib -lopencv_world -lopencv_contrib -lopencv_stitching -lopencv_nonfree -lopencv_superres -lopencv_ocl -lopencv_ts -lopencv_videostab -lopencv_gpu -lopencv_photo -lopencv_objdetect -lopencv_legacy -lopencv_video -lopencv_ml -lopencv_calib3d -lopencv_features2d -lopencv_highgui -lopencv_imgproc -lopencv_flann -lopencv_core -lIlmImf -ljasper -ltiff -lpng -ljpeg -lzlib -framework OpenCL -framework AppKit -framework QuartzCore -framework QTKit -framework Cocoa -lstdc++ '
CXX='g++'
CXXCPP='g++ -E'
CXXDEPMODE='depmode=gcc3'
CXXFLAGS='-g -O2'
CYGPATH_W='echo'
DEFS='-DHAVE_CONFIG_H'
DEPDIR='.deps'
ECHO_C='\c'
ECHO_N=''
ECHO_T=''
EGREP='/usr/bin/grep -E'
EXEEXT=''
GREP='/usr/bin/grep'
INSTALL_DATA='${INSTALL} -m 644'
INSTALL_PROGRAM='${INSTALL}'
INSTALL_SCRIPT='${INSTALL}'
INSTALL_STRIP_PROGRAM='$(install_sh) -c -s'
LDFLAGS=''
LIBOBJS=' ${LIBOBJDIR}error$U.o'
LIBS=''
LIBSDL_CFLAGS='-I/opt/local/include/SDL2 -I/usr/X11R6/include -D_THREAD_SAFE'
LIBSDL_LIBS='-L/opt/local/lib -lSDL2 -lm -liconv -Wl,-framework,OpenGL -Wl,-framework,ForceFeedback -lobjc -Wl,-framework,Cocoa -Wl,-framework,Carbon -Wl,-framework,IOKit -Wl,-framework,CoreAudio -Wl,-framework,AudioToolbox -Wl,-framework,AudioUnit'
LTLIBOBJS=' ${LIBOBJDIR}error$U.lo'
MAKEINFO='${SHELL} /Users/jared/newcode/OCULUS.1/Oculus/Apps/Acid.Cam.VR-autotools.mac.osx/code/missing makeinfo'
MKDIR_P='./install-sh -c -d'
OBJCXX='g++'
OBJCXXDEPMODE='depmode=gcc3'
OBJCXXFLAGS='-g -O2'
OBJEXT='o'
PACKAGE='acidcam_vr'
PACKAGE_BUGREPORT='jared@lostsidedead.com'
PACKAGE_NAME='AcidCam_VR'
PACKAGE_STRING='AcidCam_VR 1.2'
PACKAGE_TARNAME='acidcam_vr'
PACKAGE_URL=''
PACKAGE_VERSION='1.2'
PATH_SEPARATOR=':'
SET_MAKE=''
SHELL='/bin/sh'
STRIP=''
VERSION='1.2'
ac_ct_CC='gcc'
ac_ct_CXX='g++'
ac_ct_OBJCXX='g++'
am__EXEEXT_FALSE=''
am__EXEEXT_TRUE='#'
am__fastdepCC_FALSE='#'
am__fastdepCC_TRUE=''
am__fastdepCXX_FALSE='#'
am__fastdepCXX_TRUE=''
am__fastdepOBJCXX_FALSE='#'
am__fastdepOBJCXX_TRUE=''
am__include='include'
am__isrc=''
am__leading_dot='.'
am__nodep='_no'
am__quote=''
am__tar='$${TAR-tar} chof - "$$tardir"'
am__untar='$${TAR-tar} xf -'
bindir='${exec_prefix}/bin'
build_alias=''
datadir='${datarootdir}'
datarootdir='${prefix}/share'
docdir='${datarootdir}/doc/${PACKAGE_TARNAME}'
dvidir='${docdir}'
exec_prefix='${prefix}'
host_alias=''
htmldir='${docdir}'
includedir='${prefix}/include'
infodir='${datarootdir}/info'
install_sh='${SHELL} /Users/jared/newcode/OCULUS.1/Oculus/Apps/Acid.Cam.VR-autotools.mac.osx/code/install-sh'
libdir='${exec_prefix}/lib'
libexecdir='${exec_prefix}/libexec'
localedir='${datarootdir}/locale'
localstatedir='${prefix}/var'
mandir='${datarootdir}/man'
mkdir_p='$(MKDIR_P)'
oldincludedir='/usr/include'
pdfdir='${docdir}'
prefix='/usr/local/opencv2'
program_transform_name='s,x,x,'
psdir='${docdir}'
sbindir='${exec_prefix}/sbin'
sharedstatedir='${prefix}/com'
sysconfdir='${prefix}/etc'
target_alias=''

## ----------- ##
## confdefs.h. ##
## ----------- ##

/* confdefs.h */
#define PACKAGE_NAME "AcidCam_VR"
#define PACKAGE_TARNAME "acidcam_vr"
#define PACKAGE_VERSION "1.2"
#define PACKAGE_STRING "AcidCam_VR 1.2"
#define PACKAGE_BUGREPORT "jared@lostsidedead.com"
#define PACKAGE_URL ""
#define PACKAGE "acidcam_vr"
#define VERSION "1.2"
#define HAVE_LIBSDL 1
#define STDC_HEADERS 1
#define HAVE_SYS_TYPES_H 1
#define HAVE_SYS_STAT_H 1
#define HAVE_STDLIB_H 1
#define HAVE_STRING_H 1
#define HAVE_MEMORY_H 1
#define HAVE_STRINGS_H 1
#define HAVE_INTTYPES_H 1
#define HAVE_STDINT_H 1
#define HAVE_UNISTD_H 1
#define HAVE_FLOAT_H 1
#define HAVE_INTTYPES_H 1
#define HAVE_STDDEF_H 1
#define HAVE_STDINT_H 1
#define HAVE_STDLIB_H 1
#define HAVE_STRING_H 1
#define HAVE_PTRDIFF_T 1
#define HAVE_MEMSET 1
#define HAVE_SQRT 1

configure: exit 0
